<?xml version="1.0" encoding="UTF-8"?>
<!-- Generated by org.testng.reporters.JUnitReportReporter -->
<testsuite hostname="Shimu_Z" failures="0" tests="2" name="testpack.OverViewTest" time="6.388" errors="0" timestamp="2024-02-07T11:43:33 IST" skipped="0">
  <testcase classname="testpack.OverViewTest" name="toGetSummaryinfo" time="4.210"/>
  <system-out/>
  <testcase classname="testpack.OverViewTest" name="toFinishShopping" time="2.178"/>
  <system-out/>
</testsuite> <!-- testpack.OverViewTest -->
