<?xml version="1.0" encoding="UTF-8"?>
<!-- Generated by org.testng.reporters.JUnitReportReporter -->
<testsuite hostname="Shimu_Z" failures="0" tests="3" name="testpack.CheckOutTest" time="8.569" errors="0" timestamp="2024-02-05T19:49:31 IST" skipped="0">
  <testcase classname="testpack.CheckOutTest" name="toEnterDetails" time="2.196"/>
  <system-out/>
  <testcase classname="testpack.CheckOutTest" name="toCancelOrder" time="4.308"/>
  <system-out/>
  <testcase classname="testpack.CheckOutTest" name="toContinue" time="2.065"/>
  <system-out/>
</testsuite> <!-- testpack.CheckOutTest -->
