<?xml version="1.0" encoding="UTF-8"?>
<!-- Generated by org.testng.reporters.JUnitReportReporter -->
<testsuite hostname="Shimu_Z" failures="0" tests="3" name="utility.GridTest" time="57.091" errors="0" timestamp="2024-02-12T23:33:51 IST" skipped="0">
  <testcase classname="utility.GridTest" name="toGetGrid" time="17.553"/>
  <system-out/>
  <testcase classname="utility.GridTest" name="toGetGrid" time="21.039"/>
  <system-out/>
  <testcase classname="utility.GridTest" name="toGetGrid" time="18.499"/>
  <system-out/>
</testsuite> <!-- utility.GridTest -->
