<?xml version="1.0" encoding="UTF-8"?>
<!-- Generated by org.testng.reporters.JUnitReportReporter -->
<testsuite hostname="Shimu_Z" failures="0" tests="4" name="testpack.InventoryTest" time="8.273" errors="0" timestamp="2024-02-05T19:05:48 IST" skipped="0">
  <testcase classname="testpack.InventoryTest" name="itemCountValidation" time="2.035"/>
  <system-out/>
  <testcase classname="testpack.InventoryTest" name="itemClickTest" time="2.100"/>
  <system-out/>
  <testcase classname="testpack.InventoryTest" name="toAddCart" time="2.067"/>
  <system-out/>
  <testcase classname="testpack.InventoryTest" name="toCart" time="2.071"/>
  <system-out/>
</testsuite> <!-- testpack.InventoryTest -->
