<?xml version="1.0" encoding="UTF-8"?>
<!-- Generated by org.testng.reporters.JUnitReportReporter -->
<testsuite hostname="Shimu_Z" failures="0" tests="3" name="testpack.CartTest" time="8.365" errors="0" timestamp="2024-02-05T19:31:18 IST" skipped="0">
  <testcase classname="testpack.CartTest" name="toRemoveProduct" time="2.073"/>
  <system-out/>
  <testcase classname="testpack.CartTest" name="toContinueShopping" time="4.216"/>
  <system-out/>
  <testcase classname="testpack.CartTest" name="toCheckout" time="2.076"/>
  <system-out/>
</testsuite> <!-- testpack.CartTest -->
