<?xml version="1.0" encoding="UTF-8"?>
<!-- Generated by org.testng.reporters.JUnitReportReporter -->
<testsuite hostname="Shimu_Z" failures="0" tests="2" name="testpack.LoginTest" time="0.359" errors="0" timestamp="2024-02-05T17:35:15 IST" skipped="0">
  <testcase classname="testpack.LoginTest" name="titleTest" time="0.030"/>
  <system-out/>
  <testcase classname="testpack.LoginTest" name="loginTest" time="0.329"/>
  <system-out/>
</testsuite> <!-- testpack.LoginTest -->
