<?xml version="1.0" encoding="UTF-8"?>
<!-- Generated by org.testng.reporters.JUnitReportReporter -->
<testsuite hostname="Shimu_Z" failures="0" tests="2" name="testpack.OverViewTest" time="6.401" errors="0" timestamp="2024-05-24T13:05:09 IST" skipped="0">
  <testcase classname="testpack.OverViewTest" name="toGetSummaryinfo" time="4.228"/>
  <system-out/>
  <testcase classname="testpack.OverViewTest" name="toFinishShopping" time="2.173"/>
  <system-out/>
</testsuite> <!-- testpack.OverViewTest -->
